[2026-02-25 15:38:20.871][22204][I] [DeviceDiscovery] discover start. nets=8 retry=2 timeoutMs=1200 preferred=0

[2026-02-25 15:38:20.871][22204][D] [DeviceDiscovery] discover attempt=0

[2026-02-25 15:38:20.871][7180][D] [DeviceDiscovery] rx from=172.23.192.1:1088 if=65 payload=gachi-who?

[2026-02-25 15:38:20.872][22204][D] [DeviceDiscovery] who tx bcast=172.23.207.255 if=65 sent=10

[2026-02-25 15:38:20.872][7180][D] [DeviceDiscovery] rx from=192.168.35.10:1088 if=15 payload=gachi-who?

[2026-02-25 15:38:20.872][22204][D] [DeviceDiscovery] who tx bcast=192.168.35.255 if=15 sent=10

[2026-02-25 15:38:20.872][22204][D] [DeviceDiscovery] who tx bcast=169.254.255.255 if=22 sent=-1

[2026-02-25 15:38:20.872][22204][D] [DeviceDiscovery] who tx bcast=169.254.255.255 if=22 sent=-1

[2026-02-25 15:38:20.872][22204][D] [DeviceDiscovery] who tx bcast=169.254.255.255 if=14 sent=-1

[2026-02-25 15:38:20.872][7180][D] [DeviceDiscovery] rx from=192.168.0.16:1088 if=2 payload=gachi-who?

[2026-02-25 15:38:20.872][22204][D] [DeviceDiscovery] who tx bcast=192.168.0.255 if=2 sent=10

[2026-02-25 15:38:20.872][7180][D] [DeviceDiscovery] rx from=127.0.0.1:1088 if=1 payload=gachi-who?

[2026-02-25 15:38:20.872][22204][D] [DeviceDiscovery] who tx bcast=127.255.255.255 if=1 sent=10

[2026-02-25 15:38:20.872][7180][D] [DeviceDiscovery] rx from=172.23.192.1:1088 if=65 payload=gachi-who?

[2026-02-25 15:38:20.872][7180][D] [DeviceDiscovery] rx from=192.168.35.100:1088 if=15 payload=id,023F915C7876,192.168.35.100,GVZS-0370-AC050,G326-19B001

[2026-02-25 15:38:20.872][7180][D] [DeviceDiscovery] rx from=192.168.35.100:1088 if=15 payload=id,023F915C7876,192.168.35.100,GVZS-0370-AC050,G326-19B001

[2026-02-25 15:38:20.872][22204][D] [DeviceDiscovery] who tx bcast=255.255.255.255 if=0 sent=10

[2026-02-25 15:38:20.872][22204][D] [DeviceDiscovery] who tx unicast=169.254.0.1 sent=-1

[2026-02-25 15:38:20.872][22204][D] [DeviceDiscovery] who tx unicast=169.254.0.2 sent=-1

[2026-02-25 15:38:20.872][22204][D] [DeviceDiscovery] recv start timeoutMs=1200

[2026-02-25 15:38:20.872][22204][D] [DeviceDiscovery] rx from=172.23.192.1:1088 if=65 payload=gachi-who?

[2026-02-25 15:38:20.872][22204][D] [DeviceDiscovery] rx from=192.168.35.10:1088 if=15 payload=gachi-who?

[2026-02-25 15:38:20.872][22204][D] [DeviceDiscovery] rx from=192.168.0.16:1088 if=2 payload=gachi-who?

[2026-02-25 15:38:20.872][22204][D] [DeviceDiscovery] rx from=127.0.0.1:1088 if=1 payload=gachi-who?

[2026-02-25 15:38:20.872][22204][D] [DeviceDiscovery] rx from=172.23.192.1:1088 if=65 payload=gachi-who?

[2026-02-25 15:38:20.872][22204][D] [DeviceDiscovery] rx from=192.168.35.100:1088 if=15 payload=id,023F915C7876,192.168.35.100,GVZS-0370-AC050,G326-19B001

[2026-02-25 15:38:23.288][22204][I] [DeviceDiscovery] recv done. packets=6 id_packets=1 discovered=1

[2026-02-25 15:38:23.289][22204][I] [DeviceDiscovery] discover done. found=1

[2026-02-25 15:38:23.289][7180][I] [DeviceDiscovery] discover done. found=1

[2026-02-25 15:38:23.289][22204][I] Num: 0 MAC: 023F915C7876 IP: 192.168.35.100 IF=15 NIC=Ethernet

[2026-02-25 15:38:23.290][7180][I] Num: 0 MAC: 023F915C7876 IP: 192.168.35.100 IF=15 NIC=Ethernet

[2026-02-25 15:38:23.320][7180][D] [DeviceManager][Search] 023F915C7876 @ 192.168.35.100 -> OK (if=15, nic=Ethernet)


[2026-02-25 15:38:23.320][22204][D] [DeviceManager][Search] reachable=1, conflict=0, unreachable=0

[2026-02-25 15:38:23.320][7180][D] [DeviceManager][Search] reachable=1, conflict=0, unreachable=0

[2026-02-25 15:38:23.324][7180][I] [DeviceDiscovery] discover start. nets=8 retry=2 timeoutMs=1200 preferred=0


[2026-02-25 15:38:23.324][7180][D] [DeviceDiscovery] discover attempt=0


[2026-02-25 15:38:23.325][7180][D] [DeviceDiscovery] who tx bcast=172.23.207.255 if=65 sent=10


[2026-02-25 15:38:23.325][22204][D] [DeviceDiscovery] who tx bcast=192.168.35.255 if=15 sent=10

[2026-02-25 15:38:23.325][7180][D] [DeviceDiscovery] who tx bcast=192.168.35.255 if=15 sent=10


[2026-02-25 15:38:23.325][7180][D] [DeviceDiscovery] who tx bcast=169.254.255.255 if=22 sent=-1


[2026-02-25 15:38:23.325][22204][D] [DeviceDiscovery] who tx bcast=169.254.255.255 if=14 sent=-1

[2026-02-25 15:38:23.325][7180][D] [DeviceDiscovery] who tx bcast=169.254.255.255 if=22 sent=-1

[2026-02-25 15:38:23.325][7180][D] [DeviceDiscovery] who tx bcast=169.254.255.255 if=14 sent=-1

[2026-02-25 15:38:23.325][22204][D] [DeviceDiscovery] who tx bcast=192.168.0.255 if=2 sent=10

[2026-02-25 15:38:23.325][7180][D] [DeviceDiscovery] who tx bcast=127.255.255.255 if=1 sent=10

[2026-02-25 15:38:23.325][22204][D] [DeviceDiscovery] who tx bcast=127.255.255.255 if=1 sent=10

[2026-02-25 15:38:23.325][7180][D] [DeviceDiscovery] who tx bcast=255.255.255.255 if=0 sent=10

[2026-02-25 15:38:23.325][7180][D] [DeviceDiscovery] who tx unicast=169.254.0.1 sent=-1

[2026-02-25 15:38:23.325][7180][D] [DeviceDiscovery] who tx unicast=169.254.0.2 sent=-1

[2026-02-25 15:38:23.325][7180][D] [DeviceDiscovery] recv start timeoutMs=1200

[2026-02-25 15:38:23.325][7180][D] [DeviceDiscovery] rx from=172.23.192.1:1088 if=65 payload=gachi-who?

[2026-02-25 15:38:23.325][7180][D] [DeviceDiscovery] rx from=172.23.192.1:1088 if=65 payload=gachi-who?

[2026-02-25 15:38:23.325][22204][D] [DeviceDiscovery] who tx bcast=255.255.255.255 if=0 sent=10

i-who?

[2026-02-25 15:38:23.325][7180][D] [DeviceDiscovery] rx from=192.168.35.10:1088 if=15 payload=gachi-who?

[2026-02-25 15:38:23.325][7180][D] [DeviceDiscovery] rx from=192.168.0.16:1088 if=2 payload=gachi-who?

[2026-02-25 15:38:23.325][7180][D] [DeviceDiscovery] rx from=192.168.0.16:1088 if=2 payload=gachi-who?

[2026-02-25 15:38:23.325][22204][D] [DeviceDiscovery] who tx unicast=169.254.0.1 sent=-1

chi-who?

[2026-02-25 15:38:23.325][7180][D] [DeviceDiscovery] rx from=127.0.0.1:1088 if=1 payload=gachi-who?

[2026-02-25 15:38:23.325][7180][D] [DeviceDiscovery] rx from=192.168.35.100:1088 if=15 payload=id,023F915C7876,192.168.35.100,GVZS-0370-AC050,G326-19B001

[2026-02-25 15:38:23.325][7180][D] [DeviceDiscovery] rx from=172.23.192.1:1088 if=65 payload=gachi-who?

[2026-02-25 15:38:23.325][7180][D] [DeviceDiscovery] rx from=172.23.192.1:1088 if=65 payload=gachi-who?

[2026-02-25 15:38:23.325][7180][D] [DeviceDiscovery] rx from=192.168.35.100:1088 if=15 payload=id,023F915C7876,192.168.35.100,GVZS-0370-AC050,G326-19B001

[2026-02-25 15:38:23.325][22204][D] [DeviceDiscovery] recv start timeoutMs=1200

[2026-02-25 15:38:23.325][22204][D] [DeviceDiscovery] rx from=172.23.192.1:1088 if=65 payload=gachi-who?

[2026-02-25 15:38:23.325][22204][D] [DeviceDiscovery] rx from=172.23.192.1:1088 if=65 payload=gachi-who?

[2026-02-25 15:38:23.325][22204][D] [DeviceDiscovery] rx from=192.168.35.10:1088 if=15 payload=gachi-who?

[2026-02-25 15:38:23.325][22204][D] [DeviceDiscovery] rx from=192.168.35.10:1088 if=15 payload=gachi-who?

[2026-02-25 15:38:23.325][22204][D] [DeviceDiscovery] rx from=192.168.0.16:1088 if=2 payload=gachi-who?

[2026-02-25 15:38:23.325][22204][D] [DeviceDiscovery] rx from=192.168.0.16:1088 if=2 payload=gachi-who?

[2026-02-25 15:38:23.325][22204][D] [DeviceDiscovery] rx from=127.0.0.1:1088 if=1 payload=gachi-who?

[2026-02-25 15:38:23.325][22204][D] [DeviceDiscovery] rx from=127.0.0.1:1088 if=1 payload=gachi-who?

[2026-02-25 15:38:23.325][22204][D] [DeviceDiscovery] rx from=192.168.35.100:1088 if=15 payload=id,023F915C7876,192.168.35.100,GVZS-0370-AC050,G326-19B001

[2026-02-25 15:38:23.325][22204][D] [DeviceDiscovery] rx from=192.168.35.100:1088 if=15 payload=id,023F915C7876,192.168.35.100,GVZS-0370-AC050,G326-19B001

[2026-02-25 15:38:23.325][22204][D] [DeviceDiscovery] rx from=172.23.192.1:1088 if=65 payload=gachi-who?

[2026-02-25 15:38:23.325][22204][D] [DeviceDiscovery] rx from=172.23.192.1:1088 if=65 payload=gachi-who?

[2026-02-25 15:38:23.325][22204][D] [DeviceDiscovery] rx from=192.168.35.100:1088 if=15 payload=id,023F915C7876,192.168.35.100,GVZS-0370-AC050,G326-19B001

[2026-02-25 15:38:23.325][22204][D] [DeviceDiscovery] rx from=192.168.35.100:1088 if=15 payload=id,023F915C7876,192.168.35.100,GVZS-0370-AC050,G326-19B001

[2026-02-25 15:38:25.732][7180][I] [DeviceDiscovery] recv done. packets=12 id_packets=2 discovered=1


[2026-02-25 15:38:25.732][22204][I] [DeviceDiscovery] discover done. found=1

[2026-02-25 15:38:25.732][7180][I] [DeviceDiscovery] discover done. found=1

[2026-02-25 15:38:25.733][22204][I] Num: 0 MAC: 023F915C7876 IP: 192.168.35.100 IF=15 NIC=Ethernet

[2026-02-25 15:38:25.733][7180][I] Num: 0 MAC: 023F915C7876 IP: 192.168.35.100 IF=15 NIC=Ethernet

[2026-02-25 15:38:25.763][7180][D] [DeviceManager][Search] 023F915C7876 @ 192.168.35.100 -> OK (if=15, nic=Ethernet)

[2026-02-25 15:38:25.763][7180][D] [DeviceManager][Search] reachable=1, conflict=0, unreachable=0

[2026-02-25 15:38:25.763][22204][D] [DeviceManager][Search] 023F915C7876 @ 192.168.35.100 -> OK (if=15, nic=Ethernet)

[2026-02-25 15:38:25.763][22204][D] [DeviceManager][Search] reachable=1, conflict=0, unreachable=0

[2026-02-25 15:38:25.763][22204][I] [DeviceManager][Connect] target=192.168.35.100:1080, deviceNum=0

[2026-02-25 15:38:25.764][26256][I] [DeviceManager] meta updated: model=GVZS-0370-AC050, serial=G326-19B001, fw=1.0.8+1ad9787ef7d6, camL=DA7237207, camR=None

[2026-02-25 15:38:25.764][26256][D] [DeviceManager][MetaDump]
strModel =GVZS-0370-AC050
strSerialNum =G326-19B001
strFirmwareVersion =1.0.8+1ad9787ef7d6
strManufacturingDate =None
strCamSerialNumLeft =DA7237207
strCamSerialNumRight =None
nProjType =0
nLaserColor =0
WD =0~0
FOVx =0~0
FOVy =0~0

[2026-02-25 15:38:25.765][23344][I] [DeviceManager] meta updated: model=GVZS-0370-AC050, serial=G326-19B001, fw=1.0.8+1ad9787ef7d6, camL=DA7237207, camR=None

[2026-02-25 15:38:25.765][23344][D] [DeviceManager][MetaDump]
strModel =GVZS-0370-AC050
strSerialNum =G326-19B001
strFirmwareVersion =1.0.8+1ad9787ef7d6
strManufacturingDate =None
strCamSerialNumLeft =DA7237207
strCamSerialNumRight =None
nProjType =0
nLaserColor =0
WD =0~0
FOVx =0~0
FOVy =0~0

[2026-02-25 15:38:25.770][26256][I] [DeviceManager] camL updated: serial=DA7237207, model=MV-CS050-10GM-PRO, max=2448x2048, trigger=1

[2026-02-25 15:38:25.770][26256][D] 
[CamInfo-L] ----------------------------

[2026-02-25 15:38:25.770][26256][D]   Model                : MV-CS050-10GM-PRO

[2026-02-25 15:38:25.770][26256][D]   Serial               : DA7237207

[2026-02-25 15:38:25.770][26256][D]   Calib Date           : None

[2026-02-25 15:38:25.770][26256][D]   MaxWidth             : 2448

[2026-02-25 15:38:25.770][26256][D]   MaxHeight            : 2048

[2026-02-25 15:38:25.770][26256][D]   AcquisitionMode      : 2

[2026-02-25 15:38:25.770][26256][D]   TriggerMode          : 1

[2026-02-25 15:38:25.770][26256][D]   TriggerSource        : 0

[2026-02-25 15:38:25.770][26256][D]   TriggerActivation    : 0

[2026-02-25 15:38:25.770][26256][D]   SensorShutterMode    : 0

[2026-02-25 15:38:25.770][26256][D]   GammaEnable          : 1

[2026-02-25 15:38:25.770][26256][D]   LineSelector         : 2

[2026-02-25 15:38:25.770][26256][D]   LineMode             : 8

[2026-02-25 15:38:25.770][26256][D]   LineSource           : 10

[2026-02-25 15:38:25.770][26256][D]   LineInverter         : 0

[2026-02-25 15:38:25.770][26256][D]   StrobeEnable         : 1

[2026-02-25 15:38:25.770][26256][D]   FrameRateEnable      : 0

[2026-02-25 15:38:25.770][26256][D]   Rotate               : 0

[2026-02-25 15:38:25.770][26256][D]   PixelFormat (hex)    : 0x1080001

[2026-02-25 15:38:25.770][26256][D]   Intrinsic (3 x 3):

[2026-02-25 15:38:25.770][26256][D]     
[2026-02-25 15:38:25.770][26256][D]  2468.888224 
[2026-02-25 15:38:25.770][26256][D]     0.000000 
[2026-02-25 15:38:25.770][26256][D]  1218.573716 
[2026-02-25 15:38:25.770][26256][D] 

[2026-02-25 15:38:25.770][26256][D]     
[2026-02-25 15:38:25.770][26256][D]     0.000000 
[2026-02-25 15:38:25.770][26256][D]  2466.155129 
[2026-02-25 15:38:25.770][26256][D]  1031.666033 
[2026-02-25 15:38:25.770][26256][D] 

[2026-02-25 15:38:25.770][26256][D]     
[2026-02-25 15:38:25.770][26256][D]     0.000000 
[2026-02-25 15:38:25.770][26256][D]     0.000000 
[2026-02-25 15:38:25.770][26256][D]     1.000000 
[2026-02-25 15:38:25.770][26256][D] 

[2026-02-25 15:38:25.770][26256][D]   Distortion (k1~k8): 
[2026-02-25 15:38:25.770][26256][D] -0.267022 
[2026-02-25 15:38:25.770][26256][D] 0.830946 
[2026-02-25 15:38:25.770][26256][D] 0.000095 
[2026-02-25 15:38:25.770][26256][D] 0.000319 
[2026-02-25 15:38:25.770][26256][D] 0.245579 
[2026-02-25 15:38:25.770][26256][D] -0.184569 
[2026-02-25 15:38:25.770][26256][D] 0.503756 
[2026-02-25 15:38:25.770][26256][D] 0.000000 
[2026-02-25 15:38:25.770][26256][D] 

[2026-02-25 15:38:25.770][26256][D]   Extrinsic (4 x 4):

[2026-02-25 15:38:25.770][26256][D]     
[2026-02-25 15:38:25.770][26256][D]    -0.995746 
[2026-02-25 15:38:25.770][26256][D]     0.075819 
[2026-02-25 15:38:25.770][26256][D]    -0.052359 
[2026-02-25 15:38:25.770][26256][D]    90.100934 
[2026-02-25 15:38:25.770][26256][D] 

[2026-02-25 15:38:25.770][26256][D]     
[2026-02-25 15:38:25.770][26256][D]    -0.082916 
[2026-02-25 15:38:25.770][26256][D]    -0.985157 
[2026-02-25 15:38:25.770][26256][D]     0.150300 
[2026-02-25 15:38:25.770][26256][D]   100.477355 
[2026-02-25 15:38:25.770][26256][D] 

[2026-02-25 15:38:25.770][26256][D]     
[2026-02-25 15:38:25.770][26256][D]    -0.040186 
[2026-02-25 15:38:25.770][26256][D]     0.154001 
[2026-02-25 15:38:25.770][26256][D]     0.987253 
[2026-02-25 15:38:25.770][26256][D]   630.920503 
[2026-02-25 15:38:25.770][26256][D] 

[2026-02-25 15:38:25.770][26256][D]     
[2026-02-25 15:38:25.770][26256][D]     0.000000 
[2026-02-25 15:38:25.770][26256][D]     0.000000 
[2026-02-25 15:38:25.770][26256][D]     0.000000 
[2026-02-25 15:38:25.770][26256][D]     1.000000 
[2026-02-25 15:38:25.770][26256][D] 

[2026-02-25 15:38:25.770][26256][D] ----------------------------------------------

[2026-02-25 15:38:25.770][26256][I] [DeviceManager] camR updated: serial=None, model=None, max=0x0, trigger=0

[2026-02-25 15:38:25.770][26256][D] 
[CamInfo-R] ----------------------------

[2026-02-25 15:38:25.770][26256][D]   Model                : None

[2026-02-25 15:38:25.770][26256][D]   Serial               : None

[2026-02-25 15:38:25.770][26256][D]   Calib Date           : None

[2026-02-25 15:38:25.770][26256][D]   MaxWidth             : 0

[2026-02-25 15:38:25.770][26256][D]   MaxHeight            : 0

[2026-02-25 15:38:25.770][26256][D]   AcquisitionMode      : 0

[2026-02-25 15:38:25.770][26256][D]   TriggerMode          : 0

[2026-02-25 15:38:25.770][26256][D]   TriggerSource        : 0

[2026-02-25 15:38:25.770][26256][D]   TriggerActivation    : 0

[2026-02-25 15:38:25.770][26256][D]   SensorShutterMode    : 0

[2026-02-25 15:38:25.770][26256][D]   GammaEnable          : 0

[2026-02-25 15:38:25.770][26256][D]   LineSelector         : 0

[2026-02-25 15:38:25.770][26256][D]   LineMode             : 0

[2026-02-25 15:38:25.770][26256][D]   LineSource           : 0

[2026-02-25 15:38:25.770][26256][D]   LineInverter         : 0

[2026-02-25 15:38:25.770][26256][D]   StrobeEnable         : 0

[2026-02-25 15:38:25.770][26256][D]   FrameRateEnable      : 0

[2026-02-25 15:38:25.770][26256][D]   Rotate               : 0

[2026-02-25 15:38:25.770][26256][D]   PixelFormat (hex)    : 0x0

[2026-02-25 15:38:25.770][26256][D]   Intrinsic (3 x 3):

[2026-02-25 15:38:25.770][26256][D]     
[2026-02-25 15:38:25.770][26256][D]     0.000000 
[2026-02-25 15:38:25.771][26256][D]     0.000000 
[2026-02-25 15:38:25.771][26256][D]     0.000000 
[2026-02-25 15:38:25.771][26256][D] 

[2026-02-25 15:38:25.771][26256][D]     
[2026-02-25 15:38:25.771][26256][D]     0.000000 
[2026-02-25 15:38:25.771][26256][D]     0.000000 
[2026-02-25 15:38:25.771][26256][D]     0.000000 
[2026-02-25 15:38:25.771][26256][D] 

[2026-02-25 15:38:25.771][26256][D]     
[2026-02-25 15:38:25.771][26256][D]     0.000000 
[2026-02-25 15:38:25.771][26256][D]     0.000000 
[2026-02-25 15:38:25.771][26256][D]     0.000000 
[2026-02-25 15:38:25.771][26256][D] 

[2026-02-25 15:38:25.771][26256][D]   Distortion (k1~k8): 
[2026-02-25 15:38:25.771][26256][D] 0.000000 
[2026-02-25 15:38:25.771][26256][D] 0.000000 
[2026-02-25 15:38:25.771][26256][D] 0.000000 
[2026-02-25 15:38:25.771][26256][D] 0.000000 
[2026-02-25 15:38:25.771][26256][D] 0.000000 
[2026-02-25 15:38:25.771][26256][D] 0.000000 
[2026-02-25 15:38:25.771][26256][D] 0.000000 
[2026-02-25 15:38:25.771][26256][D] 0.000000 
[2026-02-25 15:38:25.771][26256][D] 

[2026-02-25 15:38:25.771][26256][D]   Extrinsic (4 x 4):

[2026-02-25 15:38:25.771][26256][D]     
[2026-02-25 15:38:25.771][26256][D]     0.000000 
[2026-02-25 15:38:25.771][26256][D]     0.000000 
[2026-02-25 15:38:25.771][26256][D]     0.000000 
[2026-02-25 15:38:25.771][26256][D]     0.000000 
[2026-02-25 15:38:25.771][26256][D] 

[2026-02-25 15:38:25.771][26256][D]     
[2026-02-25 15:38:25.771][26256][D]     0.000000 
[2026-02-25 15:38:25.771][26256][D]     0.000000 
[2026-02-25 15:38:25.771][26256][D]     0.000000 
[2026-02-25 15:38:25.771][26256][D]     0.000000 
[2026-02-25 15:38:25.771][26256][D] 

[2026-02-25 15:38:25.771][26256][D]     
[2026-02-25 15:38:25.771][26256][D]     0.000000 
[2026-02-25 15:38:25.771][26256][D]     0.000000 
[2026-02-25 15:38:25.771][26256][D]     0.000000 
[2026-02-25 15:38:25.771][26256][D]     0.000000 
[2026-02-25 15:38:25.771][26256][D] 

[2026-02-25 15:38:25.771][26256][D]     
[2026-02-25 15:38:25.771][26256][D]     0.000000 
[2026-02-25 15:38:25.771][26256][D]     0.000000 
[2026-02-25 15:38:25.771][26256][D]     0.000000 
[2026-02-25 15:38:25.771][26256][D]     0.000000 
[2026-02-25 15:38:25.771][26256][D] 

[2026-02-25 15:38:25.771][26256][D] ----------------------------------------------

[2026-02-25 15:38:25.774][23344][I] [DeviceManager] camL updated: serial=DA7237207, model=MV-CS050-10GM-PRO, max=2448x2048, trigger=1

[2026-02-25 15:38:25.774][23344][D] 
[CamInfo-L] ----------------------------

[2026-02-25 15:38:25.774][23344][D]   Model                : MV-CS050-10GM-PRO

[2026-02-25 15:38:25.774][23344][D]   Serial               : DA7237207

[2026-02-25 15:38:25.774][23344][D]   Calib Date           : None

[2026-02-25 15:38:25.774][23344][D]   MaxWidth             : 2448

[2026-02-25 15:38:25.774][23344][D]   MaxHeight            : 2048

[2026-02-25 15:38:25.774][23344][D]   AcquisitionMode      : 2

[2026-02-25 15:38:25.774][23344][D]   TriggerMode          : 1

[2026-02-25 15:38:25.774][23344][D]   TriggerSource        : 0

[2026-02-25 15:38:25.774][23344][D]   TriggerActivation    : 0

[2026-02-25 15:38:25.774][23344][D]   SensorShutterMode    : 0

[2026-02-25 15:38:25.774][23344][D]   GammaEnable          : 1

[2026-02-25 15:38:25.774][23344][D]   LineSelector         : 2

[2026-02-25 15:38:25.774][23344][D]   LineMode             : 8

[2026-02-25 15:38:25.774][23344][D]   LineSource           : 10

[2026-02-25 15:38:25.774][23344][D]   LineInverter         : 0

[2026-02-25 15:38:25.774][23344][D]   StrobeEnable         : 1

[2026-02-25 15:38:25.774][23344][D]   FrameRateEnable      : 0

[2026-02-25 15:38:25.775][23344][D]   Rotate               : 0

[2026-02-25 15:38:25.775][23344][D]   PixelFormat (hex)    : 0x1080001

[2026-02-25 15:38:25.775][23344][D]   Intrinsic (3 x 3):

[2026-02-25 15:38:25.775][23344][D]     
[2026-02-25 15:38:25.775][23344][D]  2468.888224 
[2026-02-25 15:38:25.775][23344][D]     0.000000 
[2026-02-25 15:38:25.775][23344][D]  1218.573716 
[2026-02-25 15:38:25.775][23344][D] 

[2026-02-25 15:38:25.775][23344][D]     
[2026-02-25 15:38:25.775][23344][D]     0.000000 
[2026-02-25 15:38:25.775][23344][D]  2466.155129 
[2026-02-25 15:38:25.775][23344][D]  1031.666033 
[2026-02-25 15:38:25.775][23344][D] 

[2026-02-25 15:38:25.775][23344][D]     
[2026-02-25 15:38:25.775][23344][D]     0.000000 
[2026-02-25 15:38:25.775][23344][D]     0.000000 
[2026-02-25 15:38:25.775][23344][D]     1.000000 
[2026-02-25 15:38:25.775][23344][D] 

[2026-02-25 15:38:25.775][23344][D]   Distortion (k1~k8): 
[2026-02-25 15:38:25.775][23344][D] -0.267022 
[2026-02-25 15:38:25.775][23344][D] 0.830946 
[2026-02-25 15:38:25.775][23344][D] 0.000095 
[2026-02-25 15:38:25.775][23344][D] 0.000319 
[2026-02-25 15:38:25.775][23344][D] 0.245579 
[2026-02-25 15:38:25.775][23344][D] -0.184569 
[2026-02-25 15:38:25.775][23344][D] 0.503756 
[2026-02-25 15:38:25.775][23344][D] 0.000000 
[2026-02-25 15:38:25.775][23344][D] 

[2026-02-25 15:38:25.775][23344][D]   Extrinsic (4 x 4):

[2026-02-25 15:38:25.775][23344][D]     
[2026-02-25 15:38:25.775][23344][D]    -0.995746 
[2026-02-25 15:38:25.775][23344][D]     0.075819 
[2026-02-25 15:38:25.775][23344][D]    -0.052359 
[2026-02-25 15:38:25.775][23344][D]    90.100934 
[2026-02-25 15:38:25.775][23344][D] 

[2026-02-25 15:38:25.775][23344][D]     
[2026-02-25 15:38:25.775][23344][D]    -0.082916 
[2026-02-25 15:38:25.775][23344][D]    -0.985157 
[2026-02-25 15:38:25.775][23344][D]     0.150300 
[2026-02-25 15:38:25.775][23344][D]   100.477355 
[2026-02-25 15:38:25.775][23344][D] 

[2026-02-25 15:38:25.775][23344][D]     
[2026-02-25 15:38:25.775][23344][D]    -0.040186 
[2026-02-25 15:38:25.775][23344][D]     0.154001 
[2026-02-25 15:38:25.775][23344][D]     0.987253 
[2026-02-25 15:38:25.775][23344][D]   630.920503 
[2026-02-25 15:38:25.775][23344][D] 

[2026-02-25 15:38:25.775][23344][D]     
[2026-02-25 15:38:25.775][23344][D]     0.000000 
[2026-02-25 15:38:25.775][23344][D]     0.000000 
[2026-02-25 15:38:25.775][23344][D]     0.000000 
[2026-02-25 15:38:25.775][23344][D]     1.000000 
[2026-02-25 15:38:25.775][23344][D] 

[2026-02-25 15:38:25.775][23344][D] ----------------------------------------------

[2026-02-25 15:38:25.775][23344][I] [DeviceManager] camR updated: serial=None, model=None, max=0x0, trigger=0

[2026-02-25 15:38:25.775][23344][D] 
[CamInfo-R] ----------------------------

[2026-02-25 15:38:25.775][23344][D]   Model                : None

[2026-02-25 15:38:25.775][23344][D]   Serial               : None

[2026-02-25 15:38:25.775][23344][D]   Calib Date           : None

[2026-02-25 15:38:25.775][23344][D]   MaxWidth             : 0

[2026-02-25 15:38:25.775][23344][D]   MaxHeight            : 0

[2026-02-25 15:38:25.775][23344][D]   AcquisitionMode      : 0

[2026-02-25 15:38:25.775][23344][D]   TriggerMode          : 0

[2026-02-25 15:38:25.775][23344][D]   TriggerSource        : 0

[2026-02-25 15:38:25.775][23344][D]   TriggerActivation    : 0

[2026-02-25 15:38:25.775][23344][D]   SensorShutterMode    : 0

[2026-02-25 15:38:25.775][23344][D]   GammaEnable          : 0

[2026-02-25 15:38:25.775][23344][D]   LineSelector         : 0

[2026-02-25 15:38:25.775][23344][D]   LineMode             : 0

[2026-02-25 15:38:25.775][23344][D]   LineSource           : 0

[2026-02-25 15:38:25.775][23344][D]   LineInverter         : 0

[2026-02-25 15:38:25.775][23344][D]   StrobeEnable         : 0

[2026-02-25 15:38:25.775][23344][D]   FrameRateEnable      : 0

[2026-02-25 15:38:25.775][23344][D]   Rotate               : 0

[2026-02-25 15:38:25.775][23344][D]   PixelFormat (hex)    : 0x0

[2026-02-25 15:38:25.775][23344][D]   Intrinsic (3 x 3):

[2026-02-25 15:38:25.775][23344][D]     
[2026-02-25 15:38:25.775][23344][D]     0.000000 
[2026-02-25 15:38:25.775][23344][D]     0.000000 
[2026-02-25 15:38:25.775][23344][D]     0.000000 
[2026-02-25 15:38:25.775][23344][D] 

[2026-02-25 15:38:25.775][23344][D]     
[2026-02-25 15:38:25.775][23344][D]     0.000000 
[2026-02-25 15:38:25.775][23344][D]     0.000000 
[2026-02-25 15:38:25.775][23344][D]     0.000000 
[2026-02-25 15:38:25.775][23344][D] 

[2026-02-25 15:38:25.775][23344][D]     
[2026-02-25 15:38:25.775][23344][D]     0.000000 
[2026-02-25 15:38:25.775][23344][D]     0.000000 
[2026-02-25 15:38:25.775][23344][D]     0.000000 
[2026-02-25 15:38:25.775][23344][D] 

[2026-02-25 15:38:25.775][23344][D]   Distortion (k1~k8): 
[2026-02-25 15:38:25.775][23344][D] 0.000000 
[2026-02-25 15:38:25.775][23344][D] 0.000000 
[2026-02-25 15:38:25.775][23344][D] 0.000000 
[2026-02-25 15:38:25.775][23344][D] 0.000000 
[2026-02-25 15:38:25.775][23344][D] 0.000000 
[2026-02-25 15:38:25.775][23344][D] 0.000000 
[2026-02-25 15:38:25.775][23344][D] 0.000000 
[2026-02-25 15:38:25.775][23344][D] 0.000000 
[2026-02-25 15:38:25.775][23344][D] 

[2026-02-25 15:38:25.775][23344][D]   Extrinsic (4 x 4):

[2026-02-25 15:38:25.775][23344][D]     
[2026-02-25 15:38:25.775][23344][D]     0.000000 
[2026-02-25 15:38:25.775][23344][D]     0.000000 
[2026-02-25 15:38:25.775][23344][D]     0.000000 
[2026-02-25 15:38:25.775][23344][D]     0.000000 
[2026-02-25 15:38:25.776][23344][D] 

[2026-02-25 15:38:25.776][23344][D]     
[2026-02-25 15:38:25.776][23344][D]     0.000000 
[2026-02-25 15:38:25.776][23344][D]     0.000000 
[2026-02-25 15:38:25.776][23344][D]     0.000000 
[2026-02-25 15:38:25.776][23344][D]     0.000000 
[2026-02-25 15:38:25.776][23344][D] 

[2026-02-25 15:38:25.776][23344][D]     
[2026-02-25 15:38:25.776][23344][D]     0.000000 
[2026-02-25 15:38:25.776][23344][D]     0.000000 
[2026-02-25 15:38:25.776][23344][D]     0.000000 
[2026-02-25 15:38:25.776][23344][D]     0.000000 
[2026-02-25 15:38:25.776][23344][D] 

[2026-02-25 15:38:25.776][23344][D]     
[2026-02-25 15:38:25.776][23344][D]     0.000000 
[2026-02-25 15:38:25.776][23344][D]     0.000000 
[2026-02-25 15:38:25.776][23344][D]     0.000000 
[2026-02-25 15:38:25.776][23344][D]     0.000000 
[2026-02-25 15:38:25.776][23344][D] 

[2026-02-25 15:38:25.776][23344][D] ----------------------------------------------

[2026-02-25 15:38:25.809][26256][I] [DeviceManager] proj updated: cameraSN=None, calibDate=None, lineRes=128, intensity=1, codeDomain=32768, schema=v2

[2026-02-25 15:38:25.809][26256][D] [DeviceManager][ProjDump]
strGalvanoPartNum =None
strLaserPartNum =None
strCameraModel =None
strCameraSerialNum =None
strProjCalibDate =None
nBackGroundOff =1
nBackGroundOn =1
nCodePattern =7
nShiftPattern =8
nLineResolution =128
nLineWidth =8
nLineScanPattern =0
nLineIntensity =1
nSpeedms =30
nDelayms =0
nSpanAngleDeg =70
nStartAngleDeg =0
nEndAngleDeg =70
nDataLength =0
nDataCRC =0
codeDomainResolution =32768
codeMinAngleDeg =0
codeMaxAngleDeg =70

[2026-02-25 15:38:25.809][26256][D]   Calibrtion (4 x 11):

[2026-02-25 15:38:25.809][26256][D]     
[2026-02-25 15:38:25.809][26256][D]     0.886782 
[2026-02-25 15:38:25.810][26256][D]     0.082740 
[2026-02-25 15:38:25.810][26256][D]     0.524971 
[2026-02-25 15:38:25.810][26256][D]     0.934223 
[2026-02-25 15:38:25.810][26256][D]    -0.173614 
[2026-02-25 15:38:25.810][26256][D]    -1.144948 
[2026-02-25 15:38:25.810][26256][D]    -0.138774 
[2026-02-25 15:38:25.810][26256][D]     0.499202 
[2026-02-25 15:38:25.810][26256][D]     0.058574 
[2026-02-25 15:38:25.810][26256][D]    -0.068424 
[2026-02-25 15:38:25.810][26256][D]    -0.179423 
[2026-02-25 15:38:25.810][26256][D] 

[2026-02-25 15:38:25.810][26256][D]     
[2026-02-25 15:38:25.810][26256][D]     0.118612 
[2026-02-25 15:38:25.810][26256][D]    -0.292172 
[2026-02-25 15:38:25.810][26256][D]    -0.056036 
[2026-02-25 15:38:25.810][26256][D]    -0.110482 
[2026-02-25 15:38:25.810][26256][D]    -0.369594 
[2026-02-25 15:38:25.810][26256][D]     0.089599 
[2026-02-25 15:38:25.810][26256][D]     0.246399 
[2026-02-25 15:38:25.810][26256][D]     0.137876 
[2026-02-25 15:38:25.810][26256][D]    -0.026319 
[2026-02-25 15:38:25.810][26256][D]    -0.063139 
[2026-02-25 15:38:25.810][26256][D]     0.080505 
[2026-02-25 15:38:25.810][26256][D] 

[2026-02-25 15:38:25.810][26256][D]     
[2026-02-25 15:38:25.810][26256][D]    -1.676613 
[2026-02-25 15:38:25.810][26256][D]    -0.460493 
[2026-02-25 15:38:25.810][26256][D]    -1.995112 
[2026-02-25 15:38:25.810][26256][D]    -3.078706 
[2026-02-25 15:38:25.810][26256][D]    -0.208685 
[2026-02-25 15:38:25.810][26256][D]     4.631844 
[2026-02-25 15:38:25.810][26256][D]     1.315001 
[2026-02-25 15:38:25.810][26256][D]    -1.786039 
[2026-02-25 15:38:25.810][26256][D]    -0.385715 
[2026-02-25 15:38:25.810][26256][D]     0.138452 
[2026-02-25 15:38:25.810][26256][D]     2.744497 
[2026-02-25 15:38:25.810][26256][D] 

[2026-02-25 15:38:25.810][26256][D]     
[2026-02-25 15:38:25.810][26256][D]   426.698098 
[2026-02-25 15:38:25.810][26256][D]   257.476583 
[2026-02-25 15:38:25.810][26256][D]   545.261242 
[2026-02-25 15:38:25.810][26256][D]  1017.147880 
[2026-02-25 15:38:25.810][26256][D]    48.691663 
[2026-02-25 15:38:25.810][26256][D] -1401.999180 
[2026-02-25 15:38:25.810][26256][D]  -339.530487 
[2026-02-25 15:38:25.810][26256][D]   534.232259 
[2026-02-25 15:38:25.810][26256][D]    95.823386 
[2026-02-25 15:38:25.810][26256][D]   -49.360569 
[2026-02-25 15:38:25.810][26256][D]  -889.024983 
[2026-02-25 15:38:25.810][26256][D] 

[2026-02-25 15:38:25.810][26256][D]   Reference (4 x 4):

[2026-02-25 15:38:25.810][26256][D]     
[2026-02-25 15:38:25.810][26256][D]     0.999830 
[2026-02-25 15:38:25.810][26256][D]    -0.016850 
[2026-02-25 15:38:25.810][26256][D]    -0.007464 
[2026-02-25 15:38:25.810][26256][D]  -113.588609 
[2026-02-25 15:38:25.810][26256][D] 

[2026-02-25 15:38:25.810][26256][D]     
[2026-02-25 15:38:25.810][26256][D]    -0.017240 
[2026-02-25 15:38:25.810][26256][D]    -0.998300 
[2026-02-25 15:38:25.810][26256][D]    -0.055682 
[2026-02-25 15:38:25.810][26256][D]    80.363106 
[2026-02-25 15:38:25.810][26256][D] 

[2026-02-25 15:38:25.810][26256][D]     
[2026-02-25 15:38:25.810][26256][D]    -0.006514 
[2026-02-25 15:38:25.810][26256][D]     0.055802 
[2026-02-25 15:38:25.810][26256][D]    -0.998421 
[2026-02-25 15:38:25.810][26256][D]   290.422586 
[2026-02-25 15:38:25.810][26256][D] 

[2026-02-25 15:38:25.810][26256][D]     
[2026-02-25 15:38:25.810][26256][D]     0.000000 
[2026-02-25 15:38:25.810][26256][D]     0.000000 
[2026-02-25 15:38:25.810][26256][D]     0.000000 
[2026-02-25 15:38:25.810][26256][D]     1.000000 
[2026-02-25 15:38:25.810][26256][D] 

[2026-02-25 15:38:25.810][26256][D]   Lag Coefficient (8):

[2026-02-25 15:38:25.810][26256][D]     0.000000 
[2026-02-25 15:38:25.810][26256][D]     0.000000 
[2026-02-25 15:38:25.810][26256][D]     0.000000 
[2026-02-25 15:38:25.810][26256][D]     0.000000 
[2026-02-25 15:38:25.810][26256][D]     0.000000 
[2026-02-25 15:38:25.810][26256][D]    -0.205670 
[2026-02-25 15:38:25.810][26256][D]     0.205670 
[2026-02-25 15:38:25.810][26256][D]   100.000000 
[2026-02-25 15:38:25.810][26256][D] 
----------------------------------------------

[2026-02-25 15:38:25.824][22204][I] [DeviceManager] DeviceInfo status: meta=1 proj=1 gv=1 gvExchange=on camL=1 camR=1

[2026-02-25 15:38:25.824][22204][I] [DeviceManager][Connect] connected: 192.168.35.100

[2026-02-25 15:38:25.824][22204][I] [CameraRuntime][Connect] connected to gv device

[2026-02-25 15:38:25.824][23344][I] [DeviceManager] proj updated: cameraSN=None, calibDate=None, lineRes=128, intensity=1, codeDomain=32768, schema=v2

[2026-02-25 15:38:25.824][23344][D] [DeviceManager][ProjDump]
strGalvanoPartNum =None
strLaserPartNum =None
strCameraModel =None
strCameraSerialNum =None
strProjCalibDate =None
nBackGroundOff =1
nBackGroundOn =1
nCodePattern =7
nShiftPattern =8
nLineResolution =128
nLineWidth =8
nLineScanPattern =0
nLineIntensity =1
nSpeedms =30
nDelayms =0
nSpanAngleDeg =70
nStartAngleDeg =0
nEndAngleDeg =70
nDataLength =0
nDataCRC =0
codeDomainResolution =32768
codeMinAngleDeg =0
codeMaxAngleDeg =70

[2026-02-25 15:38:25.824][23344][D]   Calibrtion (4 x 11):

[2026-02-25 15:38:25.824][23344][D]     
[2026-02-25 15:38:25.824][23344][D]     0.886782 
[2026-02-25 15:38:25.824][23344][D]     0.082740 
[2026-02-25 15:38:25.824][23344][D]     0.524971 
[2026-02-25 15:38:25.824][23344][D]     0.934223 
[2026-02-25 15:38:25.824][26256][I] [DeviceManager] meta updated: model=GVZS-0370-AC050, serial=G326-1[2026-02-25 15:38:25.824][23344][D]    -0.138774 
None

[2026-02-25 15:38:25.824][26256][D] [DeviceManager][2026-02-25 15:38:25.824][23344][D]     0.058574 
G326-19B001
strFirmwareVersion =1.0.8+1ad9787ef7d6
strManufacturingDate =None
strCamSerialNumLeft =DA7237207
strCamSerialNumRight =None
nProjType =0
nLaserColor =0
WD =0~0
FOVx =0~0
FOVy =0~0

[2026-02-25 15:38:25.824][23344][D]    -0.068424 
[2026-02-25 15:38:25.824][23344][D]    -0.179423 
[2026-02-25 15:38:25.824][23344][D] 

[2026-02-25 15:38:25.824][23344][D]     
[2026-02-25 15:38:25.824][23344][D]     0.118612 
[2026-02-25 15:38:25.824][23344][D]    -0.292172 
[2026-02-25 15:38:25.824][23344][D]    -0.056036 
[2026-02-25 15:38:25.824][23344][D]    -0.110482 
[2026-02-25 15:38:25.824][23344][D]    -0.369594 
[2026-02-25 15:38:25.824][23344][D]     0.089599 
[2026-02-25 15:38:25.824][23344][D]     0.246399 
[2026-02-25 15:38:25.824][23344][D]     0.137876 
[2026-02-25 15:38:25.824][23344][D]    -0.026319 
[2026-02-25 15:38:25.824][23344][D]    -0.063139 
[2026-02-25 15:38:25.824][23344][D]     0.080505 
[2026-02-25 15:38:25.824][23344][D] 

[2026-02-25 15:38:25.824][23344][D]     
[2026-02-25 15:38:25.824][23344][D]    -1.676613 
[2026-02-25 15:38:25.824][23344][D]    -0.460493 
[2026-02-25 15:38:25.824][23344][D]    -1.995112 
[2026-02-25 15:38:25.824][23344][D]    -3.078706 
[2026-02-25 15:38:25.824][23344][D]    -0.208685 
[2026-02-25 15:38:25.824][23344][D]     4.631844 
[2026-02-25 15:38:25.824][23344][D]     1.315001 
[2026-02-25 15:38:25.825][23344][D]    -1.786039 
[2026-02-25 15:38:25.825][23344][D]    -0.385715 
[2026-02-25 15:38:25.825][23344][D]     0.138452 
[2026-02-25 15:38:25.825][23344][D]     2.744497 
[2026-02-25 15:38:25.825][23344][D] 

[2026-02-25 15:38:25.825][23344][D]     
[2026-02-25 15:38:25.825][23344][D]   426.698098 
[2026-02-25 15:38:25.825][23344][D]   257.476583 
[2026-02-25 15:38:25.825][23344][D]   545.261242 
[2026-02-25 15:38:25.825][23344][D]  1017.147880 
[2026-02-25 15:38:25.825][23344][D]    48.691663 
[2026-02-25 15:38:25.825][23344][D] -1401.999180 
[2026-02-25 15:38:25.825][23344][D]  -339.530487 
[2026-02-25 15:38:25.825][23344][D]   534.232259 
[2026-02-25 15:38:25.825][23344][D]    95.823386 
[2026-02-25 15:38:25.825][23344][D]   -49.360569 
[2026-02-25 15:38:25.825][23344][D]  -889.024983 
[2026-02-25 15:38:25.825][23344][D] 

[2026-02-25 15:38:25.825][23344][D]   Reference (4 x 4):

[2026-02-25 15:38:25.825][23344][D]     
[2026-02-25 15:38:25.825][23344][D]     0.999830 
[2026-02-25 15:38:25.825][23344][D]    -0.016850 
[2026-02-25 15:38:25.825][23344][D]    -0.007464 
[2026-02-25 15:38:25.825][23344][D]  -113.588609 
[2026-02-25 15:38:25.825][23344][D] 

[2026-02-25 15:38:25.825][23344][D]     
[2026-02-25 15:38:25.825][23344][D]    -0.017240 
[2026-02-25 15:38:25.825][23344][D]    -0.998300 
[2026-02-25 15:38:25.825][23344][D]    -0.055682 
[2026-02-25 15:38:25.825][23344][D]    80.363106 
[2026-02-25 15:38:25.825][23344][D] 

[2026-02-25 15:38:25.825][23344][D]     
[2026-02-25 15:38:25.825][23344][D]    -0.006514 
[2026-02-25 15:38:25.825][23344][D]     0.055802 
[2026-02-25 15:38:25.825][23344][D]    -0.998421 
[2026-02-25 15:38:25.825][23344][D]   290.422586 
[2026-02-25 15:38:25.825][23344][D] 

[2026-02-25 15:38:25.825][23344][D]     
[2026-02-25 15:38:25.825][23344][D]     0.000000 
[2026-02-25 15:38:25.825][23344][D]     0.000000 
[2026-02-25 15:38:25.825][23344][D]     0.000000 
[2026-02-25 15:38:25.825][23344][D]     1.000000 
[2026-02-25 15:38:25.825][23344][D] 

[2026-02-25 15:38:25.825][23344][D]   Lag Coefficient (8):

[2026-02-25 15:38:25.825][23344][D]     0.000000 
[2026-02-25 15:38:25.825][23344][D]     0.000000 
[2026-02-25 15:38:25.825][23344][D]     0.000000 
[2026-02-25 15:38:25.825][23344][D]     0.000000 
[2026-02-25 15:38:25.825][23344][D]     0.000000 
[2026-02-25 15:38:25.825][23344][D]    -0.205670 
[2026-02-25 15:38:25.825][23344][D]     0.205670 
[2026-02-25 15:38:25.825][23344][D]   100.000000 
[2026-02-25 15:38:25.825][23344][D] 
----------------------------------------------

[2026-02-25 15:38:25.830][26256][I] [DeviceManager] camL updated: serial=DA7237207, model=MV-CS050-10GM-PRO, max=2448x2048, trigger=1

[2026-02-25 15:38:25.830][26256][D] 
[CamInfo-L] ----------------------------

[2026-02-25 15:38:25.830][26256][D]   Model                : MV-CS050-10GM-PRO

[2026-02-25 15:38:25.830][26256][D]   Serial               : DA7237207

[2026-02-25 15:38:25.830][26256][D]   Calib Date           : None

[2026-02-25 15:38:25.830][26256][D]   MaxWidth             : 2448

[2026-02-25 15:38:25.830][26256][D]   MaxHeight            : 2048

[2026-02-25 15:38:25.830][26256][D]   AcquisitionMode      : 2

[2026-02-25 15:38:25.830][26256][D]   TriggerMode          : 1

[2026-02-25 15:38:25.830][26256][D]   TriggerSource        : 0

[2026-02-25 15:38:25.830][26256][D]   TriggerActivation    : 0

[2026-02-25 15:38:25.830][26256][D]   SensorShutterMode    : 0

[2026-02-25 15:38:25.830][26256][D]   GammaEnable          : 1

[2026-02-25 15:38:25.830][26256][D]   LineSelector         : 2

[2026-02-25 15:38:25.830][26256][D]   LineMode             : 8

[2026-02-25 15:38:25.830][26256][D]   LineSource           : 10

[2026-02-25 15:38:25.830][26256][D]   LineInverter         : 0

[2026-02-25 15:38:25.830][26256][D]   StrobeEnable         : 1

[2026-02-25 15:38:25.830][26256][D]   FrameRateEnable      : 0

[2026-02-25 15:38:25.830][26256][D]   Rotate               : 0

[2026-02-25 15:38:25.830][26256][D]   PixelFormat (hex)    : 0x1080001

[2026-02-25 15:38:25.830][26256][D]   Intrinsic (3 x 3):

[2026-02-25 15:38:25.830][26256][D]     
[2026-02-25 15:38:25.830][26256][D]  2468.888224 
[2026-02-25 15:38:25.830][26256][D]     0.000000 
[2026-02-25 15:38:25.830][26256][D]  1218.573716 
[2026-02-25 15:38:25.830][26256][D] 

[2026-02-25 15:38:25.830][26256][D]     
[2026-02-25 15:38:25.830][26256][D]     0.000000 
[2026-02-25 15:38:25.830][26256][D]  2466.155129 
[2026-02-25 15:38:25.830][26256][D]  1031.666033 
[2026-02-25 15:38:25.830][26256][D] 

[2026-02-25 15:38:25.830][26256][D]     
[2026-02-25 15:38:25.830][26256][D]     0.000000 
[2026-02-25 15:38:25.830][26256][D]     0.000000 
[2026-02-25 15:38:25.830][26256][D]     1.000000 
[2026-02-25 15:38:25.830][26256][D] 

[2026-02-25 15:38:25.830][26256][D]   Distortion (k1~k8): 
[2026-02-25 15:38:25.830][26256][D] -0.267022 
[2026-02-25 15:38:25.830][26256][D] 0.830946 
[2026-02-25 15:38:25.830][26256][D] 0.000095 
[2026-02-25 15:38:25.830][26256][D] 0.000319 
[2026-02-25 15:38:25.830][26256][D] 0.245579 
[2026-02-25 15:38:25.830][26256][D] -0.184569 
[2026-02-25 15:38:25.830][26256][D] 0.503756 
[2026-02-25 15:38:25.830][26256][D] 0.000000 
[2026-02-25 15:38:25.830][26256][D] 

[2026-02-25 15:38:25.830][26256][D]   Extrinsic (4 x 4):

[2026-02-25 15:38:25.830][26256][D]     
[2026-02-25 15:38:25.830][26256][D]    -0.995746 
[2026-02-25 15:38:25.830][26256][D]     0.075819 
[2026-02-25 15:38:25.830][26256][D]    -0.052359 
[2026-02-25 15:38:25.830][26256][D]    90.100934 
[2026-02-25 15:38:25.830][26256][D] 

[2026-02-25 15:38:25.830][26256][D]     
[2026-02-25 15:38:25.830][26256][D]    -0.082916 
[2026-02-25 15:38:25.830][26256][D]    -0.985157 
[2026-02-25 15:38:25.830][26256][D]     0.150300 
[2026-02-25 15:38:25.830][26256][D]   100.477355 
[2026-02-25 15:38:25.830][26256][D] 

[2026-02-25 15:38:25.830][26256][D]     
[2026-02-25 15:38:25.830][26256][D]    -0.040186 
[2026-02-25 15:38:25.830][26256][D]     0.154001 
[2026-02-25 15:38:25.830][26256][D]     0.987253 
[2026-02-25 15:38:25.830][26256][D]   630.920503 
[2026-02-25 15:38:25.830][26256][D] 

[2026-02-25 15:38:25.830][26256][D]     
[2026-02-25 15:38:25.830][26256][D]     0.000000 
[2026-02-25 15:38:25.830][26256][D]     0.000000 
[2026-02-25 15:38:25.830][26256][D]     0.000000 
[2026-02-25 15:38:25.830][26256][D]     1.000000 
[2026-02-25 15:38:25.830][26256][D] 

[2026-02-25 15:38:25.830][26256][D] ----------------------------------------------

[2026-02-25 15:38:25.830][26256][I] [DeviceManager] camR updated: serial=None, model=None, max=0x0, trigger=0

[2026-02-25 15:38:25.830][26256][D] 
[CamInfo-R] ----------------------------

[2026-02-25 15:38:25.830][26256][D]   Model                : None

[2026-02-25 15:38:25.830][26256][D]   Serial               : None

[2026-02-25 15:38:25.830][26256][D]   Calib Date           : None

[2026-02-25 15:38:25.830][26256][D]   MaxWidth             : 0

[2026-02-25 15:38:25.830][26256][D]   MaxHeight            : 0

[2026-02-25 15:38:25.830][26256][D]   AcquisitionMode      : 0

[2026-02-25 15:38:25.830][26256][D]   TriggerMode          : 0

[2026-02-25 15:38:25.830][26256][D]   TriggerSource        : 0

[2026-02-25 15:38:25.830][26256][D]   TriggerActivation    : 0

[2026-02-25 15:38:25.830][26256][D]   SensorShutterMode    : 0

[2026-02-25 15:38:25.830][26256][D]   GammaEnable          : 0

[2026-02-25 15:38:25.830][26256][D]   LineSelector         : 0

[2026-02-25 15:38:25.830][26256][D]   LineMode             : 0

[2026-02-25 15:38:25.830][26256][D]   LineSource           : 0

[2026-02-25 15:38:25.830][26256][D]   LineInverter         : 0

[2026-02-25 15:38:25.830][26256][D]   StrobeEnable         : 0

[2026-02-25 15:38:25.830][26256][D]   FrameRateEnable      : 0

[2026-02-25 15:38:25.830][26256][D]   Rotate               : 0

[2026-02-25 15:38:25.830][26256][D]   PixelFormat (hex)    : 0x0

[2026-02-25 15:38:25.830][26256][D]   Intrinsic (3 x 3):

[2026-02-25 15:38:25.830][26256][D]     
[2026-02-25 15:38:25.830][26256][D]     0.000000 
[2026-02-25 15:38:25.830][26256][D]     0.000000 
[2026-02-25 15:38:25.830][26256][D]     0.000000 
[2026-02-25 15:38:25.830][26256][D] 

[2026-02-25 15:38:25.830][26256][D]     
[2026-02-25 15:38:25.830][26256][D]     0.000000 
[2026-02-25 15:38:25.830][26256][D]     0.000000 
[2026-02-25 15:38:25.830][26256][D]     0.000000 
[2026-02-25 15:38:25.830][26256][D] 

[2026-02-25 15:38:25.830][26256][D]     
[2026-02-25 15:38:25.830][26256][D]     0.000000 
[2026-02-25 15:38:25.830][26256][D]     0.000000 
[2026-02-25 15:38:25.830][26256][D]     0.000000 
[2026-02-25 15:38:25.830][26256][D] 

[2026-02-25 15:38:25.830][26256][D]   Distortion (k1~k8): 
[2026-02-25 15:38:25.830][26256][D] 0.000000 
[2026-02-25 15:38:25.830][26256][D] 0.000000 
[2026-02-25 15:38:25.830][26256][D] 0.000000 
[2026-02-25 15:38:25.830][26256][D] 0.000000 
[2026-02-25 15:38:25.830][26256][D] 0.000000 
[2026-02-25 15:38:25.830][26256][D] 0.000000 
[2026-02-25 15:38:25.830][26256][D] 0.000000 
[2026-02-25 15:38:25.830][26256][D] 0.000000 
[2026-02-25 15:38:25.830][26256][D] 

[2026-02-25 15:38:25.830][26256][D]   Extrinsic (4 x 4):

[2026-02-25 15:38:25.830][26256][D]     
[2026-02-25 15:38:25.830][26256][D]     0.000000 
[2026-02-25 15:38:25.830][26256][D]     0.000000 
[2026-02-25 15:38:25.830][26256][D]     0.000000 
[2026-02-25 15:38:25.830][26256][D]     0.000000 
[2026-02-25 15:38:25.830][26256][D] 

[2026-02-25 15:38:25.830][26256][D]     
[2026-02-25 15:38:25.830][26256][D]     0.000000 
[2026-02-25 15:38:25.830][26256][D]     0.000000 
[2026-02-25 15:38:25.830][26256][D]     0.000000 
[2026-02-25 15:38:25.830][26256][D]     0.000000 
[2026-02-25 15:38:25.830][26256][D] 

[2026-02-25 15:38:25.830][26256][D]     
[2026-02-25 15:38:25.831][26256][D]     0.000000 
[2026-02-25 15:38:25.831][26256][D]     0.000000 
[2026-02-25 15:38:25.831][26256][D]     0.000000 
[2026-02-25 15:38:25.831][26256][D]     0.000000 
[2026-02-25 15:38:25.831][26256][D] 

[2026-02-25 15:38:25.831][26256][D]     
[2026-02-25 15:38:25.831][26256][D]     0.000000 
[2026-02-25 15:38:25.831][26256][D]     0.000000 
[2026-02-25 15:38:25.831][26256][D]     0.000000 
[2026-02-25 15:38:25.831][26256][D]     0.000000 
[2026-02-25 15:38:25.831][26256][D] 

[2026-02-25 15:38:25.831][26256][D] ----------------------------------------------

[2026-02-25 15:38:25.871][26256][I] [DeviceManager] proj updated: cameraSN=None, calibDate=None, lineRes=128, intensity=1, codeDomain=32768, schema=v2

[2026-02-25 15:38:25.871][26256][D] [DeviceManager][ProjDump]
strGalvanoPartNum =None
strLaserPartNum =None
strCameraModel =None
strCameraSerialNum =None
strProjCalibDate =None
nBackGroundOff =1
nBackGroundOn =1
nCodePattern =7
nShiftPattern =8
nLineResolution =128
nLineWidth =8
nLineScanPattern =0
nLineIntensity =1
nSpeedms =30
nDelayms =0
nSpanAngleDeg =70
nStartAngleDeg =0
nEndAngleDeg =70
nDataLength =0
nDataCRC =0
codeDomainResolution =32768
codeMinAngleDeg =0
codeMaxAngleDeg =70

[2026-02-25 15:38:25.871][26256][D]   Calibrtion (4 x 11):

[2026-02-25 15:38:25.871][26256][D]     
[2026-02-25 15:38:25.872][26256][D]     0.886782 
[2026-02-25 15:38:25.872][26256][D]     0.082740 
[2026-02-25 15:38:25.872][26256][D]     0.524971 
[2026-02-25 15:38:25.872][26256][D]     0.934223 
[2026-02-25 15:38:25.872][26256][D]    -0.173614 
[2026-02-25 15:38:25.872][26256][D]    -1.144948 
[2026-02-25 15:38:25.872][26256][D]    -0.138774 
[2026-02-25 15:38:25.872][26256][D]     0.499202 
[2026-02-25 15:38:25.872][26256][D]     0.058574 
[2026-02-25 15:38:25.872][26256][D]    -0.068424 
[2026-02-25 15:38:25.872][26256][D]    -0.179423 
[2026-02-25 15:38:25.872][26256][D] 

[2026-02-25 15:38:25.872][26256][D]     
[2026-02-25 15:38:25.872][26256][D]     0.118612 
[2026-02-25 15:38:25.872][26256][D]    -0.292172 
[2026-02-25 15:38:25.872][26256][D]    -0.056036 
[2026-02-25 15:38:25.872][26256][D]    -0.110482 
[2026-02-25 15:38:25.872][26256][D]    -0.369594 
[2026-02-25 15:38:25.872][26256][D]     0.089599 
[2026-02-25 15:38:25.872][26256][D]     0.246399 
[2026-02-25 15:38:25.872][26256][D]     0.137876 
[2026-02-25 15:38:25.872][26256][D]    -0.026319 
[2026-02-25 15:38:25.872][26256][D]    -0.063139 
[2026-02-25 15:38:25.872][26256][D]     0.080505 
[2026-02-25 15:38:25.872][26256][D] 

[2026-02-25 15:38:25.872][26256][D]     
[2026-02-25 15:38:25.872][26256][D]    -1.676613 
[2026-02-25 15:38:25.872][26256][D]    -0.460493 
[2026-02-25 15:38:25.872][26256][D]    -1.995112 
[2026-02-25 15:38:25.872][26256][D]    -3.078706 
[2026-02-25 15:38:25.872][26256][D]    -0.208685 
[2026-02-25 15:38:25.872][26256][D]     4.631844 
[2026-02-25 15:38:25.873][26256][D]     1.315001 
[2026-02-25 15:38:25.873][26256][D]    -1.786039 
[2026-02-25 15:38:25.873][26256][D]    -0.385715 
[2026-02-25 15:38:25.873][26256][D]     0.138452 
[2026-02-25 15:38:25.873][26256][D]     2.744497 
[2026-02-25 15:38:25.873][26256][D] 

[2026-02-25 15:38:25.873][26256][D]     
[2026-02-25 15:38:25.873][26256][D]   426.698098 
[2026-02-25 15:38:25.873][26256][D]   257.476583 
[2026-02-25 15:38:25.873][26256][D]   545.261242 
[2026-02-25 15:38:25.873][26256][D]  1017.147880 
[2026-02-25 15:38:25.873][26256][D]    48.691663 
[2026-02-25 15:38:25.873][26256][D] -1401.999180 
[2026-02-25 15:38:25.873][26256][D]  -339.530487 
[2026-02-25 15:38:25.873][26256][D]   534.232259 
[2026-02-25 15:38:25.873][26256][D]    95.823386 
[2026-02-25 15:38:25.873][26256][D]   -49.360569 
[2026-02-25 15:38:25.873][26256][D]  -889.024983 
[2026-02-25 15:38:25.873][26256][D] 

[2026-02-25 15:38:25.873][26256][D]   Reference (4 x 4):

[2026-02-25 15:38:25.873][26256][D]     
[2026-02-25 15:38:25.873][26256][D]     0.999830 
[2026-02-25 15:38:25.873][26256][D]    -0.016850 
[2026-02-25 15:38:25.873][26256][D]    -0.007464 
[2026-02-25 15:38:25.873][26256][D]  -113.588609 
[2026-02-25 15:38:25.873][26256][D] 

[2026-02-25 15:38:25.873][26256][D]     
[2026-02-25 15:38:25.873][26256][D]    -0.017240 
[2026-02-25 15:38:25.873][26256][D]    -0.998300 
[2026-02-25 15:38:25.873][26256][D]    -0.055682 
[2026-02-25 15:38:25.873][26256][D]    80.363106 
[2026-02-25 15:38:25.873][26256][D] 

[2026-02-25 15:38:25.873][26256][D]     
[2026-02-25 15:38:25.874][26256][D]    -0.006514 
[2026-02-25 15:38:25.874][26256][D]     0.055802 
[2026-02-25 15:38:25.874][26256][D]    -0.998421 
[2026-02-25 15:38:25.874][26256][D]   290.422586 
[2026-02-25 15:38:25.874][26256][D] 

[2026-02-25 15:38:25.874][26256][D]     
[2026-02-25 15:38:25.874][26256][D]     0.000000 
[2026-02-25 15:38:25.874][26256][D]     0.000000 
[2026-02-25 15:38:25.874][26256][D]     0.000000 
[2026-02-25 15:38:25.874][26256][D]     1.000000 
[2026-02-25 15:38:25.874][26256][D] 

[2026-02-25 15:38:25.874][26256][D]   Lag Coefficient (8):

[2026-02-25 15:38:25.874][26256][D]     0.000000 
[2026-02-25 15:38:25.874][26256][D]     0.000000 
[2026-02-25 15:38:25.874][26256][D]     0.000000 
[2026-02-25 15:38:25.874][26256][D]     0.000000 
[2026-02-25 15:38:25.874][26256][D]     0.000000 
[2026-02-25 15:38:25.874][26256][D]    -0.205670 
[2026-02-25 15:38:25.874][26256][D]     0.205670 
[2026-02-25 15:38:25.874][26256][D]   100.000000 
[2026-02-25 15:38:25.874][26256][D] 
----------------------------------------------

[2026-02-25 15:38:25.885][7180][I] [DeviceManager] DeviceInfo status: meta=1 proj=1 gv=1 gvExchange=on camL=1 camR=1

[2026-02-25 15:38:25.886][7180][I] [DeviceManager][Connect] connected: 192.168.35.100

[2026-02-25 15:38:25.886][7180][I] [CameraRuntime][Connect] connected to gv device

[2026-02-25 15:38:25.887][23344][I] [DeviceManager] meta updated: model=GVZS-0370-AC050, serial=G326-19B001, fw=1.0.8+1ad9787ef7d6, camL=DA7237207, camR=None

[2026-02-25 15:38:25.887][23344][D] [DeviceManager][MetaDump]
strModel =GVZS-0370-AC050
strSerialNum =G326-19B001
strFirmwareVersion =1.0.8+1ad9787ef7d6
strManufacturingDate =None
strCamSerialNumLeft =DA7237207
strCamSerialNumRight =None
nProjType =0
nLaserColor =0
WD =0~0
FOVx =0~0
FOVy =0~0

[2026-02-25 15:38:25.892][23344][I] [DeviceManager] camL updated: serial=DA7237207, model=MV-CS050-10GM-PRO, max=2448x2048, trigger=1

[2026-02-25 15:38:25.892][23344][D] 
[CamInfo-L] ----------------------------

[2026-02-25 15:38:25.892][23344][D]   Model                : MV-CS050-10GM-PRO

[2026-02-25 15:38:25.892][23344][D]   Serial               : DA7237207

[2026-02-25 15:38:25.892][23344][D]   Calib Date           : None

[2026-02-25 15:38:25.892][23344][D]   MaxWidth             : 2448

[2026-02-25 15:38:25.892][23344][D]   MaxHeight            : 2048

[2026-02-25 15:38:25.893][23344][D]   AcquisitionMode      : 2

[2026-02-25 15:38:25.893][23344][D]   TriggerMode          : 1

[2026-02-25 15:38:25.893][23344][D]   TriggerSource        : 0

[2026-02-25 15:38:25.893][23344][D]   TriggerActivation    : 0

[2026-02-25 15:38:25.893][23344][D]   SensorShutterMode    : 0

[2026-02-25 15:38:25.893][23344][D]   GammaEnable          : 1

[2026-02-25 15:38:25.893][23344][D]   LineSelector         : 2

[2026-02-25 15:38:25.893][23344][D]   LineMode             : 8

[2026-02-25 15:38:25.893][23344][D]   LineSource           : 10

[2026-02-25 15:38:25.893][23344][D]   LineInverter         : 0

[2026-02-25 15:38:25.893][23344][D]   StrobeEnable         : 1

[2026-02-25 15:38:25.893][23344][D]   FrameRateEnable      : 0

[2026-02-25 15:38:25.893][23344][D]   Rotate               : 0

[2026-02-25 15:38:25.893][23344][D]   PixelFormat (hex)    : 0x1080001

[2026-02-25 15:38:25.893][23344][D]   Intrinsic (3 x 3):

[2026-02-25 15:38:25.893][23344][D]     
[2026-02-25 15:38:25.893][23344][D]  2468.888224 
[2026-02-25 15:38:25.893][23344][D]     0.000000 
[2026-02-25 15:38:25.893][23344][D]  1218.573716 
[2026-02-25 15:38:25.893][23344][D] 

[2026-02-25 15:38:25.893][23344][D]     
[2026-02-25 15:38:25.893][23344][D]     0.000000 
[2026-02-25 15:38:25.893][23344][D]  2466.155129 
[2026-02-25 15:38:25.893][23344][D]  1031.666033 
[2026-02-25 15:38:25.893][23344][D] 

[2026-02-25 15:38:25.893][23344][D]     
[2026-02-25 15:38:25.893][23344][D]     0.000000 
[2026-02-25 15:38:25.893][23344][D]     0.000000 
[2026-02-25 15:38:25.893][23344][D]     1.000000 
[2026-02-25 15:38:25.893][23344][D] 

[2026-02-25 15:38:25.893][23344][D]   Distortion (k1~k8): 
[2026-02-25 15:38:25.893][23344][D] -0.267022 
[2026-02-25 15:38:25.893][23344][D] 0.830946 
[2026-02-25 15:38:25.893][23344][D] 0.000095 
[2026-02-25 15:38:25.894][23344][D] 0.000319 
[2026-02-25 15:38:25.894][23344][D] 0.245579 
[2026-02-25 15:38:25.894][23344][D] -0.184569 
[2026-02-25 15:38:25.894][23344][D] 0.503756 
[2026-02-25 15:38:25.894][23344][D] 0.000000 
[2026-02-25 15:38:25.894][23344][D] 

[2026-02-25 15:38:25.894][23344][D]   Extrinsic (4 x 4):

[2026-02-25 15:38:25.894][23344][D]     
[2026-02-25 15:38:25.894][23344][D]    -0.995746 
[2026-02-25 15:38:25.894][23344][D]     0.075819 
[2026-02-25 15:38:25.894][23344][D]    -0.052359 
[2026-02-25 15:38:25.894][23344][D]    90.100934 
[2026-02-25 15:38:25.894][23344][D] 

[2026-02-25 15:38:25.894][23344][D]     
[2026-02-25 15:38:25.894][23344][D]    -0.082916 
[2026-02-25 15:38:25.894][23344][D]    -0.985157 
[2026-02-25 15:38:25.894][23344][D]     0.150300 
[2026-02-25 15:38:25.894][23344][D]   100.477355 
[2026-02-25 15:38:25.894][23344][D] 

[2026-02-25 15:38:25.894][23344][D]     
[2026-02-25 15:38:25.894][23344][D]    -0.040186 
[2026-02-25 15:38:25.894][23344][D]     0.154001 
[2026-02-25 15:38:25.894][23344][D]     0.987253 
[2026-02-25 15:38:25.894][23344][D]   630.920503 
[2026-02-25 15:38:25.894][23344][D] 

[2026-02-25 15:38:25.894][23344][D]     
[2026-02-25 15:38:25.894][23344][D]     0.000000 
[2026-02-25 15:38:25.894][23344][D]     0.000000 
[2026-02-25 15:38:25.894][23344][D]     0.000000 
[2026-02-25 15:38:25.895][23344][D]     1.000000 
[2026-02-25 15:38:25.895][23344][D] 

[2026-02-25 15:38:25.895][23344][D] ----------------------------------------------

[2026-02-25 15:38:25.895][23344][I] [DeviceManager] camR updated: serial=None, model=None, max=0x0, trigger=0

[2026-02-25 15:38:25.895][23344][D] 
[CamInfo-R] ----------------------------

[2026-02-25 15:38:25.895][23344][D]   Model                : None

[2026-02-25 15:38:25.895][23344][D]   Serial               : None

[2026-02-25 15:38:25.895][23344][D]   Calib Date           : None

[2026-02-25 15:38:25.895][23344][D]   MaxWidth             : 0

[2026-02-25 15:38:25.895][23344][D]   MaxHeight            : 0

[2026-02-25 15:38:25.895][23344][D]   AcquisitionMode      : 0

[2026-02-25 15:38:25.895][23344][D]   TriggerMode          : 0

[2026-02-25 15:38:25.895][23344][D]   TriggerSource        : 0

[2026-02-25 15:38:25.895][23344][D]   TriggerActivation    : 0

[2026-02-25 15:38:25.895][23344][D]   SensorShutterMode    : 0

[2026-02-25 15:38:25.895][23344][D]   GammaEnable          : 0

[2026-02-25 15:38:25.895][23344][D]   LineSelector         : 0

[2026-02-25 15:38:25.895][23344][D]   LineMode             : 0

[2026-02-25 15:38:25.895][23344][D]   LineSource           : 0

[2026-02-25 15:38:25.895][23344][D]   LineInverter         : 0

[2026-02-25 15:38:25.895][23344][D]   StrobeEnable         : 0

[2026-02-25 15:38:25.895][23344][D]   FrameRateEnable      : 0

[2026-02-25 15:38:25.895][23344][D]   Rotate               : 0

[2026-02-25 15:38:25.895][23344][D]   PixelFormat (hex)    : 0x0

[2026-02-25 15:38:25.895][23344][D]   Intrinsic (3 x 3):

[2026-02-25 15:38:25.895][23344][D]     
[2026-02-25 15:38:25.895][23344][D]     0.000000 
[2026-02-25 15:38:25.895][23344][D]     0.000000 
[2026-02-25 15:38:25.895][23344][D]     0.000000 
[2026-02-25 15:38:25.896][23344][D] 

[2026-02-25 15:38:25.896][23344][D]     
[2026-02-25 15:38:25.896][23344][D]     0.000000 
[2026-02-25 15:38:25.896][23344][D]     0.000000 
[2026-02-25 15:38:25.896][23344][D]     0.000000 
[2026-02-25 15:38:25.896][23344][D] 

[2026-02-25 15:38:25.896][23344][D]     
[2026-02-25 15:38:25.896][23344][D]     0.000000 
[2026-02-25 15:38:25.896][23344][D]     0.000000 
[2026-02-25 15:38:25.896][23344][D]     0.000000 
[2026-02-25 15:38:25.896][23344][D] 

[2026-02-25 15:38:25.896][23344][D]   Distortion (k1~k8): 
[2026-02-25 15:38:25.896][23344][D] 0.000000 
[2026-02-25 15:38:25.896][23344][D] 0.000000 
[2026-02-25 15:38:25.896][23344][D] 0.000000 
[2026-02-25 15:38:25.896][23344][D] 0.000000 
[2026-02-25 15:38:25.896][23344][D] 0.000000 
[2026-02-25 15:38:25.896][23344][D] 0.000000 
[2026-02-25 15:38:25.896][23344][D] 0.000000 
[2026-02-25 15:38:25.896][23344][D] 0.000000 
[2026-02-25 15:38:25.896][23344][D] 

[2026-02-25 15:38:25.896][23344][D]   Extrinsic (4 x 4):

[2026-02-25 15:38:25.896][23344][D]     
[2026-02-25 15:38:25.896][23344][D]     0.000000 
[2026-02-25 15:38:25.896][23344][D]     0.000000 
[2026-02-25 15:38:25.896][23344][D]     0.000000 
[2026-02-25 15:38:25.896][23344][D]     0.000000 
[2026-02-25 15:38:25.896][23344][D] 

[2026-02-25 15:38:25.896][23344][D]     
[2026-02-25 15:38:25.896][23344][D]     0.000000 
[2026-02-25 15:38:25.896][23344][D]     0.000000 
[2026-02-25 15:38:25.896][23344][D]     0.000000 
[2026-02-25 15:38:25.896][23344][D]     0.000000 
[2026-02-25 15:38:25.896][23344][D] 

[2026-02-25 15:38:25.896][23344][D]     
[2026-02-25 15:38:25.897][23344][D]     0.000000 
[2026-02-25 15:38:25.897][23344][D]     0.000000 
[2026-02-25 15:38:25.897][23344][D]     0.000000 
[2026-02-25 15:38:25.897][23344][D]     0.000000 
[2026-02-25 15:38:25.897][23344][D] 

[2026-02-25 15:38:25.897][23344][D]     
[2026-02-25 15:38:25.897][23344][D]     0.000000 
[2026-02-25 15:38:25.897][23344][D]     0.000000 
[2026-02-25 15:38:25.897][23344][D]     0.000000 
[2026-02-25 15:38:25.897][23344][D]     0.000000 
[2026-02-25 15:38:25.897][23344][D] 

[2026-02-25 15:38:25.897][23344][D] ----------------------------------------------

[2026-02-25 15:38:25.933][23344][I] [DeviceManager] proj updated: cameraSN=None, calibDate=None, lineRes=128, intensity=1, codeDomain=32768, schema=v2

[2026-02-25 15:38:25.933][23344][D] [DeviceManager][ProjDump]
strGalvanoPartNum =None
strLaserPartNum =None
strCameraModel =None
strCameraSerialNum =None
strProjCalibDate =None
nBackGroundOff =1
nBackGroundOn =1
nCodePattern =7
nShiftPattern =8
nLineResolution =128
nLineWidth =8
nLineScanPattern =0
nLineIntensity =1
nSpeedms =30
nDelayms =0
nSpanAngleDeg =70
nStartAngleDeg =0
nEndAngleDeg =70
nDataLength =0
nDataCRC =0
codeDomainResolution =32768
codeMinAngleDeg =0
codeMaxAngleDeg =70

[2026-02-25 15:38:25.933][23344][D]   Calibrtion (4 x 11):

[2026-02-25 15:38:25.933][23344][D]     
[2026-02-25 15:38:25.933][23344][D]     0.886782 
[2026-02-25 15:38:25.933][23344][D]     0.082740 
[2026-02-25 15:38:25.933][23344][D]     0.524971 
[2026-02-25 15:38:25.933][23344][D]     0.934223 
[2026-02-25 15:38:25.933][23344][D]    -0.173614 
[2026-02-25 15:38:25.933][23344][D]    -1.144948 
[2026-02-25 15:38:25.933][23344][D]    -0.138774 
[2026-02-25 15:38:25.933][23344][D]     0.499202 
[2026-02-25 15:38:25.933][23344][D]     0.058574 
[2026-02-25 15:38:25.933][23344][D]    -0.068424 
[2026-02-25 15:38:25.933][23344][D]    -0.179423 
[2026-02-25 15:38:25.933][23344][D] 

[2026-02-25 15:38:25.934][23344][D]     
[2026-02-25 15:38:25.934][23344][D]     0.118612 
[2026-02-25 15:38:25.934][23344][D]    -0.292172 
[2026-02-25 15:38:25.934][23344][D]    -0.056036 
[2026-02-25 15:38:25.934][23344][D]    -0.110482 
[2026-02-25 15:38:25.934][23344][D]    -0.369594 
[2026-02-25 15:38:25.934][23344][D]     0.089599 
[2026-02-25 15:38:25.934][23344][D]     0.246399 
[2026-02-25 15:38:25.934][23344][D]     0.137876 
[2026-02-25 15:38:25.934][23344][D]    -0.026319 
[2026-02-25 15:38:25.934][23344][D]    -0.063139 
[2026-02-25 15:38:25.934][23344][D]     0.080505 
[2026-02-25 15:38:25.934][23344][D] 

[2026-02-25 15:38:25.934][23344][D]     
[2026-02-25 15:38:25.934][23344][D]    -1.676613 
[2026-02-25 15:38:25.934][23344][D]    -0.460493 
[2026-02-25 15:38:25.934][23344][D]    -1.995112 
[2026-02-25 15:38:25.934][23344][D]    -3.078706 
[2026-02-25 15:38:25.934][23344][D]    -0.208685 
[2026-02-25 15:38:25.934][23344][D]     4.631844 
[2026-02-25 15:38:25.934][23344][D]     1.315001 
[2026-02-25 15:38:25.934][23344][D]    -1.786039 
[2026-02-25 15:38:25.934][23344][D]    -0.385715 
[2026-02-25 15:38:25.934][23344][D]     0.138452 
[2026-02-25 15:38:25.934][23344][D]     2.744497 
[2026-02-25 15:38:25.934][23344][D] 

[2026-02-25 15:38:25.934][23344][D]     
[2026-02-25 15:38:25.934][23344][D]   426.698098 
[2026-02-25 15:38:25.934][23344][D]   257.476583 
[2026-02-25 15:38:25.934][23344][D]   545.261242 
[2026-02-25 15:38:25.934][23344][D]  1017.147880 
[2026-02-25 15:38:25.934][23344][D]    48.691663 
[2026-02-25 15:38:25.934][23344][D] -1401.999180 
[2026-02-25 15:38:25.934][23344][D]  -339.530487 
[2026-02-25 15:38:25.934][23344][D]   534.232259 
[2026-02-25 15:38:25.934][23344][D]    95.823386 
[2026-02-25 15:38:25.934][23344][D]   -49.360569 
[2026-02-25 15:38:25.934][23344][D]  -889.024983 
[2026-02-25 15:38:25.934][23344][D] 

[2026-02-25 15:38:25.934][23344][D]   Reference (4 x 4):

[2026-02-25 15:38:25.934][23344][D]     
[2026-02-25 15:38:25.934][23344][D]     0.999830 
[2026-02-25 15:38:25.934][23344][D]    -0.016850 
[2026-02-25 15:38:25.934][23344][D]    -0.007464 
[2026-02-25 15:38:25.934][23344][D]  -113.588609 
[2026-02-25 15:38:25.934][23344][D] 

[2026-02-25 15:38:25.934][23344][D]     
[2026-02-25 15:38:25.934][23344][D]    -0.017240 
[2026-02-25 15:38:25.934][23344][D]    -0.998300 
[2026-02-25 15:38:25.934][23344][D]    -0.055682 
[2026-02-25 15:38:25.934][23344][D]    80.363106 
[2026-02-25 15:38:25.934][23344][D] 

[2026-02-25 15:38:25.934][23344][D]     
[2026-02-25 15:38:25.934][23344][D]    -0.006514 
[2026-02-25 15:38:25.934][23344][D]     0.055802 
[2026-02-25 15:38:25.934][23344][D]    -0.998421 
[2026-02-25 15:38:25.934][23344][D]   290.422586 
[2026-02-25 15:38:25.934][23344][D] 

[2026-02-25 15:38:25.934][23344][D]     
[2026-02-25 15:38:25.934][23344][D]     0.000000 
[2026-02-25 15:38:25.934][23344][D]     0.000000 
[2026-02-25 15:38:25.935][23344][D]     0.000000 
[2026-02-25 15:38:25.935][23344][D]     1.000000 
[2026-02-25 15:38:25.935][23344][D] 

[2026-02-25 15:38:25.935][23344][D]   Lag Coefficient (8):

[2026-02-25 15:38:25.935][23344][D]     0.000000 
[2026-02-25 15:38:25.935][23344][D]     0.000000 
[2026-02-25 15:38:25.935][23344][D]     0.000000 
[2026-02-25 15:38:25.935][23344][D]     0.000000 
[2026-02-25 15:38:25.935][23344][D]     0.000000 
[2026-02-25 15:38:25.935][23344][D]    -0.205670 
[2026-02-25 15:38:25.935][23344][D]     0.205670 
[2026-02-25 15:38:25.935][23344][D]   100.000000 
[2026-02-25 15:38:25.935][23344][D] 
----------------------------------------------

[2026-02-25 15:38:26.699][22204][I] [DeviceManager] DeviceInfo status: meta=1 proj=1 gv=1 gvExchange=on camL=1 camR=1

[2026-02-25 15:38:26.699][22204][I] [HikCamera] SDK Version: 67174657

[2026-02-25 15:38:26.699][22204][I] [HikCamera] MvCameraControl.dll: C:\Users\user\vsWorkspace\GvCameraSDK-Public-Dist\dist_out\bin\Release\MVCameraControl.dll

[2026-02-25 15:38:26.699][22204][I] [HikCamera] MV_CC_EnumerateTls ret=125

[2026-02-25 15:38:26.759][7180][I] [DeviceManager] DeviceInfo status: meta=1 proj=1 gv=1 gvExchange=on camL=1 camR=1

[2026-02-25 15:38:26.759][7180][I] [HikCamera] SDK Version: 67174657

[2026-02-25 15:38:26.759][7180][I] [HikCamera] MvCameraControl.dll: C:\Users\user\vsWorkspace\GvCameraSDK-Public-Dist\dist_out\bin\Release\MVCameraControl.dll

[2026-02-25 15:38:26.759][7180][I] [HikCamera] MV_CC_EnumerateTls ret=125

[2026-02-25 15:38:27.148][7180][I] [CameraRuntime][Search2D] ret=0, count=1

[2026-02-25 15:38:27.148][7180][I] 0: GigE Device: MV-CS050-10GM-PRO(2852005658)

[2026-02-25 15:38:27.148][7180][I] [CameraRuntime][Connect] expected Left SN: DA7237207, Right SN: None

[2026-02-25 15:38:27.148][7180][I] 0: GigE Device: MV-CS050-10GM-PRO(2852005658) SN=DA7237207

[2026-02-25 15:38:27.148][22204][I] [CameraRuntime][Search2D] ret=0, count=1

[2026-02-25 15:38:27.148][22204][I] 0: GigE Device: MV-CS050-10GM-PRO(2852005658)

[2026-02-25 15:38:27.148][22204][I] [CameraRuntime][Connect] expected Left SN: DA7237207, Right SN: None

ublic-Dist\dist_out\bin\Release\MVCameraControl.dll

[2026-02-25 15:38:27.148][22204][I] 0: GigE Device: MV-CS050-10GM-PRO(2852005658) SN=DA7237207

[2026-02-25 15:38:27.148][22204][I]  getSDKVersion: 67174657

[2026-02-25 15:38:27.148][22204][I] [HikCamera] MvCameraControl.dll: C:\Users\user\vsWorkspace\GvCameraSDK-Public-Dist\dist_out\bin\Release\MVCameraControl.dll

[2026-02-25 15:38:27.206][7180][E] [HikCamera] Failed to open device: -2147483133

[2026-02-25 15:38:27.221][7180][E] [CameraRuntime] Failed to open camera device : 0x80000203

[2026-02-25 15:38:27.221][7180][E] [CameraRuntime] Connect Left-Camera failed

[2026-02-25 15:38:27.601][22204][I] [CameraRuntime][ROI] applied side=L x=0 y=0 w=2448 h=2048

[2026-02-25 15:38:27.726][22204][I] [Camera] startPipelineCapture() started decodeThread.

[2026-02-25 15:38:27.726][22204][I] [CameraRuntime][Connect] Left-Camera Opened

[2026-02-25 15:38:27.726][22204][I] [CameraRuntime][Connect] Left matched: DA7237207

[2026-02-25 15:38:27.726][33040][I] [decodeThread] started.

[2026-02-25 15:38:27.812][22204][I] [CameraRuntime][ROI] applied side=L x=0 y=0 w=2448 h=2048

[2026-02-25 15:38:27.812][22204][I] [CameraRuntime][Connect] connected to camera

[2026-02-25 15:38:27.891][22204][I] [CameraRuntime][ROI] applied side=L x=0 y=0 w=2448 h=2048

[2026-02-25 15:38:29.532][22204][I] [Process] PointCloud Decode Time :194ms

[2026-02-25 15:38:29.532][22204][I] [Process] PointCloud Reconstruct Time :11ms

[2026-02-25 15:38:29.532][22204][I] [Process] PointCloud Post Time :1ms

[2026-02-25 15:38:29.532][22204][I] [Process] PointCloud Generated Time :207ms

[2026-02-25 15:38:29.549][22204][I] [CameraRuntime][Process] Capture Time :1331ms

[2026-02-25 15:38:29.549][22204][I] [CameraRuntime][Process] Final Time :1584ms

[2026-02-25 15:38:29.549][22204][I] [CameraRuntime][Capture3D] Completed passes=1

[2026-02-25 15:38:35.469][33040][I] [decodeThread] terminated.

[2026-02-25 15:38:35.469][22204][I] [Camera] stopPipelineCapture() decodeThread joined.

[2026-02-25 15:38:35.639][22204][I] [CameraRuntime][Disconnect] disconnect camera success

